Performing C SOURCE FILE Test CMAKE_HAVE_LIBC_PTHREAD failed with the following output:
Change Dir: /testcode/HelloWorld/build/CMakeFiles/CMakeTmp

Run Build Command(s):/usr/bin/gmake -f Makefile cmTC_d241a/fast && /usr/bin/gmake  -f CMakeFiles/cmTC_d241a.dir/build.make CMakeFiles/cmTC_d241a.dir/build
gmake[1]: 进入目录“/testcode/HelloWorld/build/CMakeFiles/CMakeTmp”
Building C object CMakeFiles/cmTC_d241a.dir/src.c.o
/usr/bin/cc -DCMAKE_HAVE_LIBC_PTHREAD   -o CMakeFiles/cmTC_d241a.dir/src.c.o -c /testcode/HelloWorld/build/CMakeFiles/CMakeTmp/src.c
Linking C executable cmTC_d241a
/usr/bin/cmake -E cmake_link_script CMakeFiles/cmTC_d241a.dir/link.txt --verbose=1
/usr/bin/cc CMakeFiles/cmTC_d241a.dir/src.c.o -o cmTC_d241a 
CMakeFiles/cmTC_d241a.dir/src.c.o：在函数‘main’中：
src.c:(.text+0x2d)：对‘pthread_create’未定义的引用
src.c:(.text+0x39)：对‘pthread_detach’未定义的引用
src.c:(.text+0x45)：对‘pthread_cancel’未定义的引用
src.c:(.text+0x56)：对‘pthread_join’未定义的引用
collect2: 错误：ld 返回 1
gmake[1]: *** [CMakeFiles/cmTC_d241a.dir/build.make:99：cmTC_d241a] 错误 1
gmake[1]: 离开目录“/testcode/HelloWorld/build/CMakeFiles/CMakeTmp”
gmake: *** [Makefile:127：cmTC_d241a/fast] 错误 2


Source file was:
#include <pthread.h>

static void* test_func(void* data)
{
  return data;
}

int main(void)
{
  pthread_t thread;
  pthread_create(&thread, NULL, test_func, NULL);
  pthread_detach(thread);
  pthread_cancel(thread);
  pthread_join(thread, NULL);
  pthread_atfork(NULL, NULL, NULL);
  pthread_exit(NULL);

  return 0;
}

Determining if the function pthread_create exists in the pthreads failed with the following output:
Change Dir: /testcode/HelloWorld/build/CMakeFiles/CMakeTmp

Run Build Command(s):/usr/bin/gmake -f Makefile cmTC_ec98c/fast && /usr/bin/gmake  -f CMakeFiles/cmTC_ec98c.dir/build.make CMakeFiles/cmTC_ec98c.dir/build
gmake[1]: 进入目录“/testcode/HelloWorld/build/CMakeFiles/CMakeTmp”
Building C object CMakeFiles/cmTC_ec98c.dir/CheckFunctionExists.c.o
/usr/bin/cc   -DCHECK_FUNCTION_EXISTS=pthread_create -o CMakeFiles/cmTC_ec98c.dir/CheckFunctionExists.c.o -c /usr/share/cmake/Modules/CheckFunctionExists.c
Linking C executable cmTC_ec98c
/usr/bin/cmake -E cmake_link_script CMakeFiles/cmTC_ec98c.dir/link.txt --verbose=1
/usr/bin/cc  -DCHECK_FUNCTION_EXISTS=pthread_create CMakeFiles/cmTC_ec98c.dir/CheckFunctionExists.c.o -o cmTC_ec98c  -lpthreads 
/usr/bin/ld: 找不到 -lpthreads
collect2: 错误：ld 返回 1
gmake[1]: *** [CMakeFiles/cmTC_ec98c.dir/build.make:99：cmTC_ec98c] 错误 1
gmake[1]: 离开目录“/testcode/HelloWorld/build/CMakeFiles/CMakeTmp”
gmake: *** [Makefile:127：cmTC_ec98c/fast] 错误 2



